0 info it worked if it ends with ok
1 verbose cli [ 'node', '/opt/local/bin/npm', 'publish' ]
2 info using npm@1.2.11
3 info using node@v0.8.18
4 verbose publish [ '.' ]
5 verbose read json /Users/mikolalysenko/GitHub/fuse-vertices/package.json
6 verbose cache add [ '.', null ]
7 verbose cache add name=undefined spec="." args=[".",null]
8 verbose parsed url { pathname: '.', path: '.', href: '.' }
9 silly lockFile 3a52ce78- .
10 verbose lock . /Users/mikolalysenko/.npm/3a52ce78-.lock
11 verbose read json package.json
12 verbose tar pack [ '/var/folders/zw/gbr5ndq52q527y2bn2n6h5rr0000gn/T/npm-12863/1361032570153-0.12765825865790248/tmp.tgz',
12 verbose tar pack   '.' ]
13 verbose tarball /var/folders/zw/gbr5ndq52q527y2bn2n6h5rr0000gn/T/npm-12863/1361032570153-0.12765825865790248/tmp.tgz
14 verbose folder .
15 info prepublish fuse-vertices@0.0.0
16 silly lockFile 3a52ce78- .
17 verbose lock . /Users/mikolalysenko/.npm/3a52ce78-.lock
18 silly lockFile caae2450-0153-0-12765825865790248-tmp-tgz /var/folders/zw/gbr5ndq52q527y2bn2n6h5rr0000gn/T/npm-12863/1361032570153-0.12765825865790248/tmp.tgz
19 verbose lock /var/folders/zw/gbr5ndq52q527y2bn2n6h5rr0000gn/T/npm-12863/1361032570153-0.12765825865790248/tmp.tgz /Users/mikolalysenko/.npm/caae2450-0153-0-12765825865790248-tmp-tgz.lock
20 silly lockFile 3a52ce78- .
21 silly lockFile 3a52ce78- .
22 silly lockFile caae2450-0153-0-12765825865790248-tmp-tgz /var/folders/zw/gbr5ndq52q527y2bn2n6h5rr0000gn/T/npm-12863/1361032570153-0.12765825865790248/tmp.tgz
23 silly lockFile caae2450-0153-0-12765825865790248-tmp-tgz /var/folders/zw/gbr5ndq52q527y2bn2n6h5rr0000gn/T/npm-12863/1361032570153-0.12765825865790248/tmp.tgz
24 verbose tar unpack /var/folders/zw/gbr5ndq52q527y2bn2n6h5rr0000gn/T/npm-12863/1361032570153-0.12765825865790248/tmp.tgz
25 silly lockFile 9aec41da-0153-0-12765825865790248-package /var/folders/zw/gbr5ndq52q527y2bn2n6h5rr0000gn/T/npm-12863/1361032570153-0.12765825865790248/package
26 verbose lock /var/folders/zw/gbr5ndq52q527y2bn2n6h5rr0000gn/T/npm-12863/1361032570153-0.12765825865790248/package /Users/mikolalysenko/.npm/9aec41da-0153-0-12765825865790248-package.lock
27 silly lockFile caae2450-0153-0-12765825865790248-tmp-tgz /var/folders/zw/gbr5ndq52q527y2bn2n6h5rr0000gn/T/npm-12863/1361032570153-0.12765825865790248/tmp.tgz
28 verbose lock /var/folders/zw/gbr5ndq52q527y2bn2n6h5rr0000gn/T/npm-12863/1361032570153-0.12765825865790248/tmp.tgz /Users/mikolalysenko/.npm/caae2450-0153-0-12765825865790248-tmp-tgz.lock
29 silly gunzTarPerm modes [ '755', '644' ]
30 silly gunzTarPerm extractEntry package.json
31 silly gunzTarPerm extractEntry README.md
32 silly gunzTarPerm extractEntry index.js
33 silly gunzTarPerm extractEntry test/test.js
34 verbose read json /var/folders/zw/gbr5ndq52q527y2bn2n6h5rr0000gn/T/npm-12863/1361032570153-0.12765825865790248/package/package.json
35 silly lockFile 9aec41da-0153-0-12765825865790248-package /var/folders/zw/gbr5ndq52q527y2bn2n6h5rr0000gn/T/npm-12863/1361032570153-0.12765825865790248/package
36 silly lockFile 9aec41da-0153-0-12765825865790248-package /var/folders/zw/gbr5ndq52q527y2bn2n6h5rr0000gn/T/npm-12863/1361032570153-0.12765825865790248/package
37 silly lockFile caae2450-0153-0-12765825865790248-tmp-tgz /var/folders/zw/gbr5ndq52q527y2bn2n6h5rr0000gn/T/npm-12863/1361032570153-0.12765825865790248/tmp.tgz
38 silly lockFile caae2450-0153-0-12765825865790248-tmp-tgz /var/folders/zw/gbr5ndq52q527y2bn2n6h5rr0000gn/T/npm-12863/1361032570153-0.12765825865790248/tmp.tgz
39 verbose from cache /var/folders/zw/gbr5ndq52q527y2bn2n6h5rr0000gn/T/npm-12863/1361032570153-0.12765825865790248/package/package.json
40 verbose tar pack [ '/Users/mikolalysenko/.npm/fuse-vertices/0.0.0/package.tgz',
40 verbose tar pack   '/var/folders/zw/gbr5ndq52q527y2bn2n6h5rr0000gn/T/npm-12863/1361032570153-0.12765825865790248/package' ]
41 verbose tarball /Users/mikolalysenko/.npm/fuse-vertices/0.0.0/package.tgz
42 verbose folder /var/folders/zw/gbr5ndq52q527y2bn2n6h5rr0000gn/T/npm-12863/1361032570153-0.12765825865790248/package
43 silly lockFile 9aec41da-0153-0-12765825865790248-package /var/folders/zw/gbr5ndq52q527y2bn2n6h5rr0000gn/T/npm-12863/1361032570153-0.12765825865790248/package
44 verbose lock /var/folders/zw/gbr5ndq52q527y2bn2n6h5rr0000gn/T/npm-12863/1361032570153-0.12765825865790248/package /Users/mikolalysenko/.npm/9aec41da-0153-0-12765825865790248-package.lock
45 silly lockFile 06b34506--fuse-vertices-0-0-0-package-tgz /Users/mikolalysenko/.npm/fuse-vertices/0.0.0/package.tgz
46 verbose lock /Users/mikolalysenko/.npm/fuse-vertices/0.0.0/package.tgz /Users/mikolalysenko/.npm/06b34506--fuse-vertices-0-0-0-package-tgz.lock
47 silly lockFile 9aec41da-0153-0-12765825865790248-package /var/folders/zw/gbr5ndq52q527y2bn2n6h5rr0000gn/T/npm-12863/1361032570153-0.12765825865790248/package
48 silly lockFile 9aec41da-0153-0-12765825865790248-package /var/folders/zw/gbr5ndq52q527y2bn2n6h5rr0000gn/T/npm-12863/1361032570153-0.12765825865790248/package
49 silly lockFile 06b34506--fuse-vertices-0-0-0-package-tgz /Users/mikolalysenko/.npm/fuse-vertices/0.0.0/package.tgz
50 silly lockFile 06b34506--fuse-vertices-0-0-0-package-tgz /Users/mikolalysenko/.npm/fuse-vertices/0.0.0/package.tgz
51 silly lockFile dd890d71--npm-fuse-vertices-0-0-0-package /Users/mikolalysenko/.npm/fuse-vertices/0.0.0/package
52 verbose lock /Users/mikolalysenko/.npm/fuse-vertices/0.0.0/package /Users/mikolalysenko/.npm/dd890d71--npm-fuse-vertices-0-0-0-package.lock
53 silly lockFile dd890d71--npm-fuse-vertices-0-0-0-package /Users/mikolalysenko/.npm/fuse-vertices/0.0.0/package
54 silly lockFile dd890d71--npm-fuse-vertices-0-0-0-package /Users/mikolalysenko/.npm/fuse-vertices/0.0.0/package
55 verbose tar unpack /Users/mikolalysenko/.npm/fuse-vertices/0.0.0/package.tgz
56 silly lockFile dd890d71--npm-fuse-vertices-0-0-0-package /Users/mikolalysenko/.npm/fuse-vertices/0.0.0/package
57 verbose lock /Users/mikolalysenko/.npm/fuse-vertices/0.0.0/package /Users/mikolalysenko/.npm/dd890d71--npm-fuse-vertices-0-0-0-package.lock
58 silly lockFile 06b34506--fuse-vertices-0-0-0-package-tgz /Users/mikolalysenko/.npm/fuse-vertices/0.0.0/package.tgz
59 verbose lock /Users/mikolalysenko/.npm/fuse-vertices/0.0.0/package.tgz /Users/mikolalysenko/.npm/06b34506--fuse-vertices-0-0-0-package-tgz.lock
60 silly gunzTarPerm modes [ '755', '644' ]
61 silly gunzTarPerm extractEntry package.json
62 silly gunzTarPerm extractEntry README.md
63 silly gunzTarPerm extractEntry index.js
64 silly gunzTarPerm extractEntry test/test.js
65 verbose read json /Users/mikolalysenko/.npm/fuse-vertices/0.0.0/package/package.json
66 silly lockFile dd890d71--npm-fuse-vertices-0-0-0-package /Users/mikolalysenko/.npm/fuse-vertices/0.0.0/package
67 silly lockFile dd890d71--npm-fuse-vertices-0-0-0-package /Users/mikolalysenko/.npm/fuse-vertices/0.0.0/package
68 silly lockFile 06b34506--fuse-vertices-0-0-0-package-tgz /Users/mikolalysenko/.npm/fuse-vertices/0.0.0/package.tgz
69 silly lockFile 06b34506--fuse-vertices-0-0-0-package-tgz /Users/mikolalysenko/.npm/fuse-vertices/0.0.0/package.tgz
70 silly shasum updated bytes 1404
71 info shasum 4bf02b834bd0a7a48bf09808a7d133f79176c356
71 info shasum /Users/mikolalysenko/.npm/fuse-vertices/0.0.0/package.tgz
72 verbose from cache /Users/mikolalysenko/.npm/fuse-vertices/0.0.0/package/package.json
73 verbose chmod /Users/mikolalysenko/.npm/fuse-vertices/0.0.0/package.tgz 644
74 verbose chown /Users/mikolalysenko/.npm/fuse-vertices/0.0.0/package.tgz [ 501, 20 ]
75 silly lockFile 3a52ce78- .
76 silly publish { name: 'fuse-vertices',
76 silly publish   version: '0.0.0',
76 silly publish   description: 'Fuses vertices in meshes together',
76 silly publish   main: 'index.js',
76 silly publish   directories: { test: 'test' },
76 silly publish   repository:
76 silly publish    { type: 'git',
76 silly publish      url: 'git://github.com/mikolalysenko/fuse-vertices.git' },
76 silly publish   keywords:
76 silly publish    [ 'fuse',
76 silly publish      'vertices',
76 silly publish      'mesh',
76 silly publish      'simplicial',
76 silly publish      'complex',
76 silly publish      'geometry',
76 silly publish      '3d',
76 silly publish      'triangle' ],
76 silly publish   author: { name: 'Mikola Lysenko' },
76 silly publish   license: 'BSD',
76 silly publish   readmeFilename: 'README.md',
76 silly publish   gitHead: '3d8305c3426c73efb3a1a1be09d010028ee6b305',
76 silly publish   readme: '`fuse-vertices`\n===============\nFuses together vertices and faces in bad meshes.\n\nInstall\n=======\nVia npm:\n\n    npm install fuse-vertices\n    \nUsage\n=====\nTake a bad mesh, for example the Utah teapot:\n\n    var teapot = require(\'teapot\');\n\nAnd then call the method:\n\n    var repaired_teapot = require(\'fuse-vertices\')(teapot.cells, teapot.positions, 1e-4);\n\n\n`require(\'fuse-vertices\')(cells, positions, tolerance)`\n-------------------------------------------------------\nThis function fuses together all vertices which are within `tolerance` distance of one another.  It takes the following parameters:\n\n* `cells` a cell complex\n* `positions` the positions of the cells\n* `tolerance` fuse threshold\n\nReturns an object with the following properties:\n\n* `cells`: The fused cells\n* `positions`: The positions of the fused vertices\n* `vertex_relabel`: A relabelling of the vertices\n\nCredits\n=======\n(c) 2013 Mikola Lysenko. BSD\n',
76 silly publish   _id: 'fuse-vertices@0.0.0',
76 silly publish   dist: { shasum: '4bf02b834bd0a7a48bf09808a7d133f79176c356' },
76 silly publish   _from: '.' }
77 verbose url raw fuse-vertices
78 verbose url resolving [ 'https://registry.npmjs.org/', './fuse-vertices' ]
79 verbose url resolved https://registry.npmjs.org/fuse-vertices
80 info trying registry request attempt 1 at 10:36:21
81 http PUT https://registry.npmjs.org/fuse-vertices
82 http 500 https://registry.npmjs.org/fuse-vertices
83 info retry will retry, error on last attempt: Error: case_clause {[]}: fuse-vertices
84 info trying registry request attempt 2 at 10:36:32
85 http PUT https://registry.npmjs.org/fuse-vertices
86 http 500 https://registry.npmjs.org/fuse-vertices
87 info retry will retry, error on last attempt: Error: case_clause {[]}: fuse-vertices
88 info trying registry request attempt 3 at 10:37:33
89 http PUT https://registry.npmjs.org/fuse-vertices
90 http 500 https://registry.npmjs.org/fuse-vertices
91 error publish Failed PUT response 500
92 error Error: case_clause {[]}: fuse-vertices
92 error     at RegClient.<anonymous> (/opt/local/lib/node_modules/npm/node_modules/npm-registry-client/lib/request.js:268:14)
92 error     at Request.init.self.callback (/opt/local/lib/node_modules/npm/node_modules/request/main.js:120:22)
92 error     at Request.EventEmitter.emit (events.js:99:17)
92 error     at Request.<anonymous> (/opt/local/lib/node_modules/npm/node_modules/request/main.js:648:16)
92 error     at Request.EventEmitter.emit (events.js:126:20)
92 error     at IncomingMessage.Request.start.self.req.self.httpModule.request.buffer (/opt/local/lib/node_modules/npm/node_modules/request/main.js:610:14)
92 error     at IncomingMessage.EventEmitter.emit (events.js:126:20)
92 error     at IncomingMessage._emitEnd (http.js:366:10)
92 error     at HTTPParser.parserOnMessageComplete [as onMessageComplete] (http.js:149:23)
92 error     at CleartextStream.socketOnData [as ondata] (http.js:1447:20)
93 error If you need help, you may report this log at:
93 error     <http://github.com/isaacs/npm/issues>
93 error or email it to:
93 error     <npm-@googlegroups.com>
94 error System Darwin 12.2.1
95 error command "node" "/opt/local/bin/npm" "publish"
96 error cwd /Users/mikolalysenko/GitHub/fuse-vertices
97 error node -v v0.8.18
98 error npm -v 1.2.11
99 verbose exit [ 1, true ]
